[00:40:09] [main/INFO]: Loading Minecraft 1.21.1 with Fabric Loader 0.16.3
[00:40:10] [main/INFO]: Loading 60 mods:
	- cloth-config 15.0.140
	   \-- cloth-basic-math 0.6.1
	- debugify 1.21.1+1.0
	- entityculling 1.8.1
	   |-- transition 1.0.3
	   \-- trender 1.0.5
	- fabric-api 0.116.3+1.21.1
	   |-- fabric-api-base 0.4.42+6573ed8c19
	   |-- fabric-api-lookup-api-v1 1.6.71+b559734419
	   |-- fabric-biome-api-v1 13.0.31+d527f9fd19
	   |-- fabric-block-api-v1 1.1.0+0bc3503219
	   |-- fabric-block-view-api-v2 1.0.11+ebb2264e19
	   |-- fabric-blockrenderlayer-v1 1.1.52+0af3f5a719
	   |-- fabric-client-tags-api-v1 1.1.15+6573ed8c19
	   |-- fabric-command-api-v1 1.2.49+f71b366f19
	   |-- fabric-command-api-v2 2.2.28+6ced4dd919
	   |-- fabric-commands-v0 0.2.66+df3654b319
	   |-- fabric-content-registries-v0 8.0.19+b559734419
	   |-- fabric-convention-tags-v1 2.1.5+7f945d5b19
	   |-- fabric-convention-tags-v2 2.11.1+a406e79519
	   |-- fabric-crash-report-info-v1 0.2.29+0af3f5a719
	   |-- fabric-data-attachment-api-v1 1.4.5+6116a37819
	   |-- fabric-data-generation-api-v1 20.2.31+16c4ae2519
	   |-- fabric-dimensions-v1 4.0.0+6fc22b9919
	   |-- fabric-entity-events-v1 1.8.0+2b27e0a419
	   |-- fabric-events-interaction-v0 0.7.13+ba9dae0619
	   |-- fabric-game-rule-api-v1 1.0.53+6ced4dd919
	   |-- fabric-item-api-v1 11.1.1+d5debaed19
	   |-- fabric-item-group-api-v1 4.1.7+def88e3a19
	   |-- fabric-key-binding-api-v1 1.0.47+0af3f5a719
	   |-- fabric-keybindings-v0 0.2.45+df3654b319
	   |-- fabric-lifecycle-events-v1 2.6.0+0865547519
	   |-- fabric-loot-api-v2 3.0.15+3f89f5a519
	   |-- fabric-loot-api-v3 1.0.3+3f89f5a519
	   |-- fabric-message-api-v1 6.0.14+8aaf3aca19
	   |-- fabric-model-loading-api-v1 2.0.0+fe474d6b19
	   |-- fabric-networking-api-v1 4.3.0+c7469b2119
	   |-- fabric-object-builder-api-v1 15.2.1+40875a9319
	   |-- fabric-particles-v1 4.0.2+6573ed8c19
	   |-- fabric-recipe-api-v1 5.0.14+248df81c19
	   |-- fabric-registry-sync-v0 5.3.1+e3eddc2119
	   |-- fabric-renderer-api-v1 3.4.0+c705a49c19
	   |-- fabric-renderer-indigo 1.7.0+c705a49c19
	   |-- fabric-renderer-registries-v1 3.2.68+df3654b319
	   |-- fabric-rendering-data-attachment-v1 0.3.49+73761d2e19
	   |-- fabric-rendering-fluids-v1 3.1.6+1daea21519
	   |-- fabric-rendering-v0 1.1.71+df3654b319
	   |-- fabric-rendering-v1 5.0.5+df16efd019
	   |-- fabric-resource-conditions-api-v1 4.3.0+8dc279b119
	   |-- fabric-resource-loader-v0 1.3.1+5b5275af19
	   |-- fabric-screen-api-v1 2.0.25+8b68f1c719
	   |-- fabric-screen-handler-api-v1 1.3.90+b559734419
	   |-- fabric-sound-api-v1 1.0.23+6573ed8c19
	   |-- fabric-transfer-api-v1 5.4.3+c24bd99419
	   \-- fabric-transitive-access-wideners-v1 6.2.0+45b9699719
	- fabricloader 0.16.3
	   \-- mixinextras 0.4.1
	- ferritecore 7.0.1
	- java 21
	- krypton 0.2.8
	   \-- com_velocitypowered_velocity-native 3.3.0-SNAPSHOT
	- lithium 0.15.0+mc1.21.1
	- minecraft 1.21.1
	- yet_another_config_lib_v3 3.6.6+1.21.1-fabric
	   |-- com_twelvemonkeys_common_common-image 3.12.0
	   |-- com_twelvemonkeys_common_common-io 3.12.0
	   |-- com_twelvemonkeys_common_common-lang 3.12.0
	   |-- com_twelvemonkeys_imageio_imageio-core 3.12.0
	   |-- com_twelvemonkeys_imageio_imageio-metadata 3.12.0
	   |-- com_twelvemonkeys_imageio_imageio-webp 3.12.0
	   |-- org_quiltmc_parsers_gson 0.2.1
	   \-- org_quiltmc_parsers_json 0.2.1
[00:40:11] [main/INFO]: SpongePowered MIXIN Subsystem Version=0.8.7 Source=file:/workspaces/verbose-fishstick/servidor_minecraft/libraries/net/fabricmc/sponge-mixin/0.15.2+mixin.0.8.7/sponge-mixin-0.15.2+mixin.0.8.7.jar Service=Knot/Fabric Env=SERVER
[00:40:11] [main/INFO]: Compatibility level set to JAVA_17
[00:40:11] [main/INFO]: Compatibility level set to JAVA_21
[00:40:11] [main/WARN]: Mod 'ferritecore' attempted to override option 'mixin.alloc.blockstate', which doesn't exist, ignoring
[00:40:11] [main/INFO]: Option 'mixin.entity.collisions.fluid' requires 'mixin.util.block_tracking=true' but found 'false'. Setting 'mixin.entity.collisions.fluid=false'.
[00:40:11] [main/INFO]: Option 'mixin.experimental.entity.block_caching.block_support' requires 'mixin.util.block_tracking=true' but found 'false'. Setting 'mixin.experimental.entity.block_caching.block_support=false'.
[00:40:11] [main/INFO]: Option 'mixin.experimental.entity.block_caching.fluid_pushing' requires 'mixin.util.block_tracking=true' but found 'false'. Setting 'mixin.experimental.entity.block_caching.fluid_pushing=false'.
[00:40:11] [main/INFO]: Option 'mixin.experimental.entity.block_caching.block_touching' requires 'mixin.util.block_tracking=true' but found 'false'. Setting 'mixin.experimental.entity.block_caching.block_touching=false'.
[00:40:11] [main/INFO]: Option 'mixin.experimental.entity.block_caching.suffocation' requires 'mixin.util.block_tracking=true' but found 'false'. Setting 'mixin.experimental.entity.block_caching.suffocation=false'.
[00:40:11] [main/INFO]: Option 'mixin.experimental.entity.block_caching' requires 'mixin.util.block_tracking=true' but found 'false'. Setting 'mixin.experimental.entity.block_caching=false'.
[00:40:11] [main/INFO]: Loaded configuration file for Lithium: 149 options available, 0 override(s) found
[00:40:12] [main/INFO]: Initializing MixinExtras via com.llamalad7.mixinextras.service.MixinExtrasServiceImpl(version=0.4.1).
[00:40:19] [main/INFO]: Enabled 28 bug fixes: [MC-2025, MC-7569, MC-8187, MC-30391, MC-69216, MC-88371, MC-89146, MC-93018, MC-100991, MC-119417, MC-119754, MC-121706, MC-121903, MC-129909, MC-132878, MC-135971, MC-155509, MC-160095, MC-179072, MC-183990, MC-199467, MC-200418, MC-206922, MC-215530, MC-223153, MC-224729, MC-231743, MC-232869]
[00:40:19] [main/INFO]: Successfully Debugify'd your game!
[00:40:19] [main/INFO]: Compression will use libdeflate (Linux x86_64), encryption will use OpenSSL 3.0.x (Linux x86_64)
[00:40:19] [main/INFO]: Krypton is now accelerating your Minecraft server's networking stack 🚀
[00:40:19] [main/INFO]: Environment: Environment[sessionHost=https://sessionserver.mojang.com, servicesHost=https://api.minecraftservices.com, name=PROD]
[00:40:21] [main/INFO]: Loaded 1290 recipes
[00:40:21] [main/INFO]: Loaded 1399 advancements
[00:40:21] [main/INFO]: Applied 0 biome modifications to 0 of 64 new biomes in 1.555 ms
[00:40:21] [Server thread/INFO]: Starting minecraft server version 1.21.1
[00:40:21] [Server thread/INFO]: Loading properties
[00:40:21] [Server thread/INFO]: Default game type: SURVIVAL
[00:40:21] [Server thread/INFO]: Generating keypair
[00:40:22] [Server thread/INFO]: Starting Minecraft server on *:25565
[00:40:22] [Server thread/INFO]: Using epoll channel type
[00:40:22] [Server thread/WARN]: **** SERVER IS RUNNING IN OFFLINE/INSECURE MODE!
[00:40:22] [Server thread/WARN]: The server will make no attempt to authenticate usernames. Beware.
[00:40:22] [Server thread/WARN]: While this makes the game possible to play without internet access, it also opens up the ability for hackers to connect with any username they choose.
[00:40:22] [Server thread/WARN]: To change this, set "online-mode" to "true" in the server.properties file.
[00:40:22] [Server thread/INFO]: Preparing level "world"
[00:40:24] [Server thread/INFO]: Preparing start region for dimension minecraft:overworld
[00:40:25] [Worker-Main-1/INFO]: Preparing spawn area: 0%
[00:40:25] [Worker-Main-1/INFO]: Preparing spawn area: 26%
[00:40:25] [Server thread/INFO]: Time elapsed: 645 ms
[00:40:25] [Server thread/INFO]: Done (3.238s)! For help, type "help"
[00:40:25] [Server thread/INFO]: [STDOUT]: Lithium Cached BlockState Flags are disabled!
[00:40:36] [Server thread/INFO]: BriizAr[/127.244.102.93:49335] logged in with entity id 87 at (-179.44422351385646, 63.0, -242.51015043275308)
[00:40:36] [Server thread/INFO]: BriizAr joined the game
[00:40:41] [Server thread/INFO]: Arthurk[/127.149.215.113:43513] logged in with entity id 278 at (-119.23865857166652, 76.0, -278.53274933338287)
[00:40:41] [Server thread/INFO]: Arthurk joined the game
[00:40:54] [Server thread/INFO]: Franarza[/127.83.38.237:54701] logged in with entity id 296 at (-107.5, 75.0, -273.5)
[00:40:54] [Server thread/INFO]: Franarza joined the game
[00:41:00] [Server thread/INFO]: lays[/127.233.235.30:41143] logged in with entity id 327 at (-101.5, 72.0, -270.5)
[00:41:00] [Server thread/INFO]: lays joined the game
[00:42:39] [Server thread/INFO]: BriizAr has made the advancement [Stone Age]
[00:43:02] [Server thread/INFO]: BriizAr has made the advancement [Getting an Upgrade]
[00:43:32] [Server thread/INFO]: Arthurk has made the advancement [Stone Age]
[00:44:09] [Server thread/INFO]: Arthurk has made the advancement [Getting an Upgrade]
[00:44:17] [Server thread/INFO]: lays has made the advancement [Stone Age]
[00:45:05] [Server thread/INFO]: lays has made the advancement [Getting an Upgrade]
[00:45:08] [Server thread/INFO]: Arthurk has made the advancement [Sweet Dreams]
[00:45:09] [Server thread/INFO]: Franarza has made the advancement [Stone Age]
[00:45:18] [Server thread/INFO]: Franarza lost connection: Disconnected
[00:45:18] [Server thread/INFO]: Franarza left the game
[00:45:21] [Server thread/INFO]: lays lost connection: Disconnected
[00:45:21] [Server thread/INFO]: lays left the game
[00:45:21] [Server thread/INFO]: BriizAr lost connection: Disconnected
[00:45:21] [Server thread/INFO]: BriizAr left the game
[00:45:21] [Server thread/INFO]: Franarza (/127.83.38.237:43671) lost connection: Disconnected
[00:45:27] [Server thread/INFO]: Franarza[/127.83.38.237:55085] logged in with entity id 1508 at (-84.85809422654148, 71.0, -359.30000001192093)
[00:45:27] [Server thread/INFO]: Franarza joined the game
[00:45:30] [Server thread/INFO]: BriizAr[/127.244.102.93:57737] logged in with entity id 1521 at (47.61036364909235, 64.0, -324.41387139779084)
[00:45:30] [Server thread/INFO]: BriizAr joined the game
[00:45:30] [Server thread/INFO]: lays[/127.233.235.30:54091] logged in with entity id 1612 at (-46.08699772091463, 56.0, -350.8925628133107)
[00:45:30] [Server thread/INFO]: lays joined the game
[00:46:54] [Server thread/INFO]: Franarza has made the advancement [Getting an Upgrade]
[00:48:20] [Server thread/INFO]: Franarza has made the advancement [Acquire Hardware]
[00:48:26] [Server thread/INFO]: Franarza has made the advancement [Isn't It Iron Pick]
[00:49:55] [Server thread/INFO]: Franarza has made the advancement [Monster Hunter]
[00:51:34] [Server thread/INFO]: Arthurk has made the advancement [Acquire Hardware]
[00:52:24] [Server thread/INFO]: Arthurk has made the advancement [Isn't It Iron Pick]
[00:56:01] [Server thread/INFO]: BriizAr has made the advancement [Acquire Hardware]
[00:56:47] [Server thread/INFO]: Franarza lost connection: Disconnected
[00:56:47] [Server thread/INFO]: Franarza left the game
[00:56:49] [Server thread/INFO]: BriizAr lost connection: Disconnected
[00:56:49] [Server thread/INFO]: BriizAr left the game
[00:57:04] [Server thread/INFO]: lays lost connection: Disconnected
[00:57:04] [Server thread/INFO]: lays left the game
[00:57:11] [Server thread/INFO]: BriizAr[/127.244.102.93:42681] logged in with entity id 6880 at (160.1184009783456, 27.0, -224.30000001192093)
[00:57:11] [Server thread/INFO]: BriizAr joined the game
[00:57:11] [Server thread/INFO]: Franarza[/127.83.38.237:41739] logged in with entity id 6947 at (-106.30000001192093, 14.0, -379.05933697431516)
[00:57:11] [Server thread/INFO]: Franarza joined the game
[00:57:14] [Server thread/INFO]: lays[/127.233.235.30:45535] logged in with entity id 7141 at (-275.7724420542751, 69.0, -247.43123903673373)
[00:57:14] [Server thread/INFO]: lays joined the game
[00:59:36] [Server thread/INFO]: lays lost connection: Disconnected
[00:59:36] [Server thread/INFO]: lays left the game
[01:00:04] [Server thread/WARN]: Mismatch in destroy block pos: class_2338{x=445, y=64, z=-132} class_2338{x=445, y=62, z=-133}
[01:00:49] [Server thread/INFO]: lays[/127.233.235.30:58781] logged in with entity id 10606 at (-557.3052587754561, 76.0, -314.44880766534504)
[01:00:49] [Server thread/INFO]: lays joined the game
[01:01:13] [Server thread/INFO]: Arthurk has made the advancement [Suit Up]
[01:01:14] [Server thread/INFO]: BriizAr has made the advancement [Monster Hunter]
[01:03:54] [Server thread/WARN]: Mismatch in destroy block pos: class_2338{x=-255, y=64, z=-125} class_2338{x=-254, y=62, z=-125}
[01:04:18] [Server thread/INFO]: Arthurk has made the advancement [Not Today, Thank You]
[01:06:32] [Server thread/INFO]: lays has made the advancement [Acquire Hardware]
[01:07:32] [Server thread/INFO]: BriizAr has made the advancement [Sweet Dreams]
[01:07:37] [Server thread/INFO]: lays lost connection: Disconnected
[01:07:37] [Server thread/INFO]: lays left the game
[01:07:43] [Server thread/INFO]: Franarza lost connection: Disconnected
[01:07:43] [Server thread/INFO]: Franarza left the game
[01:08:07] [Server thread/INFO]: Franarza[/127.83.38.237:35821] logged in with entity id 17274 at (-827.6999999880791, 85.0, 48.04374096031156)
[01:08:07] [Server thread/INFO]: Franarza joined the game
[01:08:14] [Server thread/INFO]: lays[/127.233.235.30:55847] logged in with entity id 17568 at (-662.8270851239548, 70.0, -230.11050113748882)
[01:08:14] [Server thread/INFO]: lays joined the game
[01:09:52] [Server thread/INFO]: BriizAr has made the advancement [Hot Stuff]
[01:18:48] [Server thread/INFO]: lays has made the advancement [Sweet Dreams]
[01:18:50] [Server thread/INFO]: Franarza lost connection: Disconnected
[01:18:50] [Server thread/INFO]: Franarza left the game
[01:19:01] [Server thread/INFO]: Franarza[/127.83.38.237:37493] logged in with entity id 30934 at (-800.0707993815734, 75.0, 346.33999141032547)
[01:19:01] [Server thread/INFO]: Franarza joined the game
[01:22:43] [Server thread/INFO]: BriizAr has made the advancement [Isn't It Iron Pick]
[01:24:44] [Server thread/INFO]: lays has made the advancement [Isn't It Iron Pick]
[01:27:42] [Server thread/INFO]: lays has made the advancement [Monster Hunter]
[01:28:07] [Server thread/INFO]: Arthurk has made the advancement [A Seedy Place]
[01:28:09] [Server thread/INFO]: BriizAr has made the advancement [Suit Up]
[01:29:49] [Server thread/INFO]: Arthurk has made the advancement [What a Deal!]
[01:30:04] [Server thread/INFO]: BriizAr has made the advancement [Not Today, Thank You]
[01:30:14] [Server thread/INFO]: Franarza lost connection: Disconnected
[01:30:14] [Server thread/INFO]: Franarza left the game
[01:31:11] [Server thread/INFO]: Franarza[/127.83.38.237:56045] logged in with entity id 42174 at (-882.8328130896384, 69.0, 432.03030525933906)
[01:31:11] [Server thread/INFO]: Franarza joined the game
[01:33:48] [Server thread/INFO]: [Not Secure] <Arthurk> yo estoy secuestrando dos aldeanos
[01:34:01] [Server thread/INFO]: [Not Secure] <Arthurk> yes
[01:34:08] [Server thread/INFO]: [Not Secure] <Arthurk> quiero muito esmeralda
[01:35:38] [Server thread/INFO]: lays was shot by Skeleton
[01:39:28] [Server thread/INFO]: BriizAr has made the advancement [Diamonds!]
[01:41:17] [Server thread/INFO]: Franarza lost connection: Disconnected
[01:41:17] [Server thread/INFO]: Franarza left the game
[01:41:20] [Server thread/INFO]: lays lost connection: Disconnected
[01:41:20] [Server thread/INFO]: lays left the game
[01:41:23] [Server thread/INFO]: Arthurk lost connection: Disconnected
[01:41:23] [Server thread/INFO]: Arthurk left the game
[01:41:40] [Server thread/INFO]: lays[/127.233.235.30:36861] logged in with entity id 49478 at (-159.82388955700145, 67.0, -578.5572405837881)
[01:41:40] [Server thread/INFO]: lays joined the game
[01:41:47] [Server thread/INFO]: Arthurk[/127.149.215.113:45901] logged in with entity id 49719 at (152.7164309545458, 61.0, 211.91958978226225)
[01:41:47] [Server thread/INFO]: Arthurk joined the game
[01:41:51] [Server thread/INFO]: BriizAr has made the advancement [Ice Bucket Challenge]
[01:42:17] [Server thread/INFO]: Franarza[/127.83.38.237:43161] logged in with entity id 49963 at (-1093.153213138194, 52.0, 171.35252643524163)
[01:42:17] [Server thread/INFO]: Franarza joined the game
[01:42:29] [Server thread/INFO]: BriizAr has made the advancement [Who is Cutting Onions?]
[01:43:42] [Server thread/INFO]: BriizAr has made the advancement [We Need to Go Deeper]
[01:43:44] [Server thread/WARN]: Can't keep up! Is the server overloaded? Running 2914ms or 58 ticks behind
[01:46:32] [Server thread/INFO]: BriizAr has made the advancement [Those Were the Days]
[01:48:05] [Server thread/INFO]: lays lost connection: Disconnected
[01:48:05] [Server thread/INFO]: lays left the game
[01:52:16] [Server thread/INFO]: Franarza lost connection: Disconnected
[01:52:16] [Server thread/INFO]: Franarza left the game
[01:52:19] [Server thread/INFO]: Arthurk lost connection: Disconnected
[01:52:19] [Server thread/INFO]: Arthurk left the game
[01:52:34] [Server thread/INFO]: Arthurk[/127.149.215.113:37521] logged in with entity id 55790 at (202.29895698574987, -12.0, 194.57818678802977)
[01:52:34] [Server thread/INFO]: Arthurk joined the game
[01:52:56] [Server thread/INFO]: Franarza[/127.83.38.237:55163] logged in with entity id 55980 at (-1114.13456954319, 52.0, 133.19155906247303)
[01:52:56] [Server thread/INFO]: Franarza joined the game
[01:54:58] [Server thread/INFO]: BriizAr has made the advancement [War Pigs]
[01:55:55] [Server thread/INFO]: Arthurk has made the advancement [Minecraft: Trial(s) Edition]
[02:02:03] [Server thread/INFO]: BriizAr has made the advancement [Hidden in the Depths]
[02:02:33] [Server thread/INFO]: BriizAr was slain by Piglin Brute
[02:03:07] [Server thread/INFO]: Franarza lost connection: Disconnected
[02:03:07] [Server thread/INFO]: Franarza left the game
[02:03:09] [Server thread/INFO]: BriizAr lost connection: Disconnected
[02:03:09] [Server thread/INFO]: BriizAr left the game
[02:03:10] [Server thread/INFO]: Arthurk lost connection: Disconnected
[02:03:10] [Server thread/INFO]: Arthurk left the game
[02:03:23] [Server thread/INFO]: Arthurk[/127.149.215.113:38915] logged in with entity id 59987 at (227.175538174878, -34.0, 189.7461232110747)
[02:03:23] [Server thread/INFO]: Arthurk joined the game
[02:03:44] [Server thread/INFO]: BriizAr[/127.244.102.93:59487] logged in with entity id 60126 at (-52.64651061545196, 64.0, -243.23175340213905)
[02:03:44] [Server thread/INFO]: BriizAr joined the game
[02:05:19] [Server thread/INFO]: Franarza[/127.83.38.237:55571] logged in with entity id 60941 at (-1113.6510314840239, 52.0, 123.38874216702787)
[02:05:19] [Server thread/INFO]: Franarza joined the game
[02:05:35] [Server thread/INFO]: Franarza lost connection: Disconnected
[02:05:35] [Server thread/INFO]: Franarza left the game
[02:12:37] [Server thread/INFO]: Franarza[/127.83.38.237:39785] logged in with entity id 63099 at (-1095.5336903537102, 52.0, 168.63050818933036)
[02:12:37] [Server thread/INFO]: Franarza joined the game
[02:16:58] [Server thread/INFO]: BriizAr was slain by Piglin Brute
[02:18:46] [Server thread/INFO]: Arthurk has made the advancement [Take Aim]
[02:20:17] [Server thread/INFO]: Arthurk has made the advancement [Under Lock and Key]
[02:22:07] [Server thread/INFO]: BriizAr was slain by Piglin
[02:28:10] [Server thread/INFO]: BriizAr was slain by Piglin Brute
[02:30:42] [Server thread/INFO]: BriizAr lost connection: Disconnected
[02:30:42] [Server thread/INFO]: BriizAr left the game
[02:30:44] [Server thread/INFO]: Franarza lost connection: Disconnected
[02:30:44] [Server thread/INFO]: Franarza left the game
[02:49:27] [Server thread/INFO]: Villager class_1646['Villager'/60074, l='ServerLevel[world]', x=126.81, y=80.00, z=213.45] died, message: 'Villager was slain by Zombie Villager'
[02:49:53] [Server thread/INFO]: Arthurk lost connection: Disconnected
[02:49:53] [Server thread/INFO]: Arthurk left the game
